<?xml version="1.0" encoding="UTF-8"?>
<testng-results total="1" passed="1" failed="0" skipped="0">
  <reporter-output>
  </reporter-output>
  <suite started-at="2021-04-04T03:16:03Z" name="Default suite" finished-at="2021-04-04T03:16:03Z" duration-ms="183">
    <groups>
    </groups>
    <test started-at="2021-04-04T03:16:03Z" name="Default test" finished-at="2021-04-04T03:16:03Z" duration-ms="183">
      <class name="Excel.WriteXLSFile">
        <test-method signature="write()[pri:0, instance:Excel.WriteXLSFile@28b46423]" started-at="2021-04-03T22:16:03Z" name="write" finished-at="2021-04-03T22:16:03Z" duration-ms="167" status="PASS">
          <reporter-output>
          </reporter-output>
        </test-method> <!-- write -->
      </class> <!-- Excel.WriteXLSFile -->
    </test> <!-- Default test -->
  </suite> <!-- Default suite -->
</testng-results>
